2025-01-20 17:39:39,952     app                INFO     Aioz flower V1.2 Visit me at http://0.0.0.0:5555
2025-01-20 17:39:39,955     app                INFO     Broker: amqp://guest:**@localhost:5672//
2025-01-20 17:39:39,975     app                INFO     Registered tasks: 
['celery.accumulate',
 'celery.backend_cleanup',
 'celery.chain',
 'celery.chord',
 'celery.chord_unlock',
 'celery.chunks',
 'celery.group',
 'celery.map',
 'celery.starmap']
2025-01-20 17:43:40,445     app                INFO     Aioz flower V1.2 Visit me at http://0.0.0.0:5555
2025-01-20 17:43:40,449     app                INFO     Broker: amqp://guest:**@localhost:5672//
2025-01-20 17:43:40,470     app                INFO     Registered tasks: 
['celery.accumulate',
 'celery.backend_cleanup',
 'celery.chain',
 'celery.chord',
 'celery.chord_unlock',
 'celery.chunks',
 'celery.group',
 'celery.map',
 'celery.starmap']
2025-01-20 17:49:34,024     app                INFO     Aioz flower V1.2 Visit me at http://0.0.0.0:5555
2025-01-20 17:49:34,028     app                INFO     Broker: amqp://guest:**@localhost:5672//
2025-01-20 17:49:34,048     app                INFO     Registered tasks: 
['celery.accumulate',
 'celery.backend_cleanup',
 'celery.chain',
 'celery.chord',
 'celery.chord_unlock',
 'celery.chunks',
 'celery.group',
 'celery.map',
 'celery.starmap']
2025-01-21 10:24:36,458     app                INFO     Aioz flower V1.2 Visit me at http://0.0.0.0:5555
2025-01-21 10:24:36,463     app                INFO     Broker: amqp://guest:**@localhost:5672//
2025-01-21 10:24:36,481     app                INFO     Registered tasks: 
['celery.accumulate',
 'celery.backend_cleanup',
 'celery.chain',
 'celery.chord',
 'celery.chord_unlock',
 'celery.chunks',
 'celery.group',
 'celery.map',
 'celery.starmap']
2025-01-21 10:50:13,967     User               INFO     admin : Get task a8921f4e-8746-487c-92cc-13a1ce12cedc
2025-01-21 10:50:19,116     User               INFO     admin : Get task 441cdb2f-7eee-4c08-9b04-5dc789d5fed4
2025-01-21 10:55:20,898     User               INFO     admin : Get task 441cdb2f-7eee-4c08-9b04-5dc789d5fed4
2025-01-21 10:56:22,048     User               INFO     admin : Get task 441cdb2f-7eee-4c08-9b04-5dc789d5fed4
2025-01-21 11:34:52,795     app                INFO     Aioz flower V1.2 Visit me at http://0.0.0.0:5555
2025-01-21 11:34:52,798     app                INFO     Broker: amqp://guest:**@localhost:5672//
2025-01-21 11:34:52,817     app                INFO     Registered tasks: 
['celery.accumulate',
 'celery.backend_cleanup',
 'celery.chain',
 'celery.chord',
 'celery.chord_unlock',
 'celery.chunks',
 'celery.group',
 'celery.map',
 'celery.starmap']
2025-01-21 12:22:54,415     app                INFO     Aioz flower V1.2 Visit me at http://0.0.0.0:5555
2025-01-21 12:22:54,443     app                INFO     Broker: amqp://guest:**@localhost:5672//
2025-01-21 12:22:54,445     app                INFO     Registered tasks: 
['celery.accumulate',
 'celery.backend_cleanup',
 'celery.chain',
 'celery.chord',
 'celery.chord_unlock',
 'celery.chunks',
 'celery.group',
 'celery.map',
 'celery.starmap']
2025-01-21 12:24:30,249     app                INFO     Aioz flower V1.2 Visit me at http://0.0.0.0:5555
2025-01-21 12:24:30,253     app                INFO     Broker: amqp://guest:**@localhost:5672//
2025-01-21 12:24:30,273     app                INFO     Registered tasks: 
['celery.accumulate',
 'celery.backend_cleanup',
 'celery.chain',
 'celery.chord',
 'celery.chord_unlock',
 'celery.chunks',
 'celery.group',
 'celery.map',
 'celery.starmap']
2025-01-21 12:24:46,376     app                INFO     Aioz flower V1.2 Visit me at http://0.0.0.0:5555
2025-01-21 12:24:46,380     app                INFO     Broker: amqp://guest:**@localhost:5672//
2025-01-21 12:24:46,403     app                INFO     Registered tasks: 
['celery.accumulate',
 'celery.backend_cleanup',
 'celery.chain',
 'celery.chord',
 'celery.chord_unlock',
 'celery.chunks',
 'celery.group',
 'celery.map',
 'celery.starmap']
2025-01-21 12:25:31,246     app                INFO     Aioz flower V1.2 Visit me at http://0.0.0.0:5555
2025-01-21 12:25:31,250     app                INFO     Broker: amqp://guest:**@localhost:5672//
2025-01-21 12:25:31,272     app                INFO     Registered tasks: 
['celery.accumulate',
 'celery.backend_cleanup',
 'celery.chain',
 'celery.chord',
 'celery.chord_unlock',
 'celery.chunks',
 'celery.group',
 'celery.map',
 'celery.starmap']
2025-01-21 15:04:22,345     app                INFO     Aioz flower V1.2 Visit me at http://0.0.0.0:5555
2025-01-21 15:04:22,349     app                INFO     Broker: amqp://guest:**@localhost:5672//
2025-01-21 15:04:22,370     app                INFO     Registered tasks: 
['celery.accumulate',
 'celery.backend_cleanup',
 'celery.chain',
 'celery.chord',
 'celery.chord_unlock',
 'celery.chunks',
 'celery.group',
 'celery.map',
 'celery.starmap']
2025-01-21 15:04:26,913     User               INFO     Request logout
2025-01-21 15:59:48,272     app                INFO     Aioz flower V1.2 Visit me at http://0.0.0.0:5555
2025-01-21 15:59:48,293     app                INFO     Broker: amqp://guest:**@localhost:5672//
2025-01-21 15:59:48,295     app                INFO     Registered tasks: 
['celery.accumulate',
 'celery.backend_cleanup',
 'celery.chain',
 'celery.chord',
 'celery.chord_unlock',
 'celery.chunks',
 'celery.group',
 'celery.map',
 'celery.starmap']
2025-01-21 15:59:56,263     User               INFO     Growing 'worker1@aioz' worker's pool by '1'
2025-01-21 15:59:56,291     User               INFO     admin: Growing worker1@aioz worker's pool by 1
2025-01-21 15:59:58,278     User               INFO     admin: Shrinking worker1@aioz worker's pool by 1
2025-01-21 16:04:37,068     User               INFO     Shutting down 'worker1@aioz' worker
2025-01-21 16:04:44,261     User               INFO     Shutting down 'worker1@aioz' worker
2025-01-21 16:04:48,069     User               INFO     Restarting 'worker1@aioz' worker's pool
2025-01-21 16:04:49,082     User               ERROR    []
2025-01-21 16:04:49,082     User               ERROR    Failed to extract error reason from '[]'
2025-01-21 16:07:49,199     User               INFO     admin : Get task e8f5ad0a-6196-4514-b58d-bcd88e83774d
2025-01-21 16:09:17,837     app                INFO     Aioz flower V1.2 Visit me at http://0.0.0.0:5555
2025-01-21 16:09:17,840     app                INFO     Broker: amqp://guest:**@localhost:5672//
2025-01-21 16:09:17,861     app                INFO     Registered tasks: 
['celery.accumulate',
 'celery.backend_cleanup',
 'celery.chain',
 'celery.chord',
 'celery.chord_unlock',
 'celery.chunks',
 'celery.group',
 'celery.map',
 'celery.starmap']
2025-01-21 16:09:19,708     User               INFO     admin : Get task e8f5ad0a-6196-4514-b58d-bcd88e83774d
2025-01-21 16:09:45,890     User               INFO     admin: Disable user operator successfully
