2025-01-20 05:57:11,450     app                INFO     Aioz flower V1.2 Visit me at http://0.0.0.0:5555
2025-01-20 05:57:11,454     app                INFO     Broker: amqp://guest:**@localhost:5672//
2025-01-20 05:57:11,476     app                INFO     Registered tasks: 
['celery.accumulate',
 'celery.backend_cleanup',
 'celery.chain',
 'celery.chord',
 'celery.chord_unlock',
 'celery.chunks',
 'celery.group',
 'celery.map',
 'celery.starmap']
2025-01-20 06:01:52,677     app                INFO     Aioz flower V1.2 Visit me at http://0.0.0.0:5555
2025-01-20 06:01:52,681     app                INFO     Broker: amqp://guest:**@localhost:5672//
2025-01-20 06:01:52,703     app                INFO     Registered tasks: 
['celery.accumulate',
 'celery.backend_cleanup',
 'celery.chain',
 'celery.chord',
 'celery.chord_unlock',
 'celery.chunks',
 'celery.group',
 'celery.map',
 'celery.starmap']
2025-01-20 06:01:55,968     User               INFO     admin : Update worker info
2025-01-20 06:01:56,297     User               INFO     admin : Update worker info
